[2015/03/25 18:53:32] PHP LOG in C:\Apache Software Foundation\Apache2.2\htdocs\mailing_list\admin\group_list.php on line 37 : E_USER_NOTICEのエラー！！
[2015/03/25 19:01:40] PHP LOG in C:\Apache Software Foundation\Apache2.2\htdocs\mailing_list\admin\group_list.php on line 74 : E_USER_WARNINGのエラー！！
[2015/03/25 19:01:41] PHP LOG in C:\Apache Software Foundation\Apache2.2\htdocs\mailing_list\admin\group_list.php on line 74 : E_USER_WARNINGのエラー！！
[2015/03/25 19:01:41] PHP LOG in C:\Apache Software Foundation\Apache2.2\htdocs\mailing_list\admin\group_list.php on line 74 : E_USER_WARNINGのエラー！！
[2015/03/25 19:02:26] Public Error in C:\Apache Software Foundation\Apache2.2\htdocs\mailing_list\admin\group_list.php on line 73 : E_USER_ERRORのエラー！！
[2015/03/31 10:05:25] PHP WARNING in C:\Apache Software Foundation\Apache2.2\htdocs\mailing_list\index.php on line 154 : touch() [<a href='function.touch'>function.touch</a>]: Unable to create file /txt/test.txt because No such file or directory
[2015/03/31 11:06:57] PHP WARNING in C:\Apache Software Foundation\Apache2.2\htdocs\mailing_list\index.php on line 8 : session_start() [<a href='function.session-start'>function.session-start</a>]: Cannot send session cache limiter - headers already sent (output started at C:\Apache Software Foundation\Apache2.2\htdocs\mailing_list\index.php:173)
[2015/03/31 11:07:15] PHP WARNING in C:\Apache Software Foundation\Apache2.2\htdocs\mailing_list\index.php on line 8 : session_start() [<a href='function.session-start'>function.session-start</a>]: Cannot send session cache limiter - headers already sent (output started at C:\Apache Software Foundation\Apache2.2\htdocs\mailing_list\index.php:173)
[2015/03/31 11:08:35] PHP WARNING in C:\Apache Software Foundation\Apache2.2\htdocs\mailing_list\index.php on line 8 : session_start() [<a href='function.session-start'>function.session-start</a>]: Cannot send session cache limiter - headers already sent (output started at C:\Apache Software Foundation\Apache2.2\htdocs\mailing_list\index.php:173)
[2015/03/31 11:49:02] PHP WARNING in C:\Apache Software Foundation\Apache2.2\htdocs\mailing_list\index.php on line 219 : touch() [<a href='function.touch'>function.touch</a>]: Utime failed: Permission denied
[2015/03/31 11:49:02] PHP WARNING in C:\Apache Software Foundation\Apache2.2\htdocs\mailing_list\index.php on line 221 : fopen(txt/2015-03-29B003.txt) [<a href='function.fopen'>function.fopen</a>]: failed to open stream: Permission denied
[2015/03/31 11:49:02] PHP WARNING in C:\Apache Software Foundation\Apache2.2\htdocs\mailing_list\index.php on line 226 : fputs(): supplied argument is not a valid stream resource
[2015/03/31 11:49:02] PHP WARNING in C:\Apache Software Foundation\Apache2.2\htdocs\mailing_list\index.php on line 228 : fclose(): supplied argument is not a valid stream resource
[2015/03/31 11:57:37] PHP WARNING in C:\Apache Software Foundation\Apache2.2\htdocs\mailing_list\index.php on line 219 : touch() [<a href='function.touch'>function.touch</a>]: Utime failed: Permission denied
[2015/03/31 11:57:37] PHP WARNING in C:\Apache Software Foundation\Apache2.2\htdocs\mailing_list\index.php on line 221 : fopen(txt/2015-03-29B003.txt) [<a href='function.fopen'>function.fopen</a>]: failed to open stream: Permission denied
[2015/03/31 11:57:37] PHP WARNING in C:\Apache Software Foundation\Apache2.2\htdocs\mailing_list\index.php on line 226 : fwrite(): supplied argument is not a valid stream resource
[2015/03/31 11:57:37] PHP WARNING in C:\Apache Software Foundation\Apache2.2\htdocs\mailing_list\index.php on line 228 : fclose(): supplied argument is not a valid stream resource
[2015/03/31 11:59:33] PHP WARNING in C:\Apache Software Foundation\Apache2.2\htdocs\mailing_list\index.php on line 219 : touch() [<a href='function.touch'>function.touch</a>]: Utime failed: Permission denied
[2015/03/31 11:59:33] PHP WARNING in C:\Apache Software Foundation\Apache2.2\htdocs\mailing_list\index.php on line 221 : fopen(txt/2015-03-29B003.txt) [<a href='function.fopen'>function.fopen</a>]: failed to open stream: Permission denied
[2015/03/31 11:59:33] PHP WARNING in C:\Apache Software Foundation\Apache2.2\htdocs\mailing_list\index.php on line 226 : fwrite(): supplied argument is not a valid stream resource
[2015/03/31 11:59:33] PHP WARNING in C:\Apache Software Foundation\Apache2.2\htdocs\mailing_list\index.php on line 228 : fclose(): supplied argument is not a valid stream resource
[2015/03/31 12:17:28] PHP WARNING in C:\Apache Software Foundation\Apache2.2\htdocs\mailing_list\index.php on line 219 : touch() [<a href='function.touch'>function.touch</a>]: Utime failed: Permission denied
[2015/03/31 12:17:28] PHP WARNING in C:\Apache Software Foundation\Apache2.2\htdocs\mailing_list\index.php on line 221 : fopen(txt/2015-03-29A001.txt) [<a href='function.fopen'>function.fopen</a>]: failed to open stream: Permission denied
[2015/03/31 12:17:28] PHP WARNING in C:\Apache Software Foundation\Apache2.2\htdocs\mailing_list\index.php on line 226 : fwrite(): supplied argument is not a valid stream resource
[2015/03/31 12:17:28] PHP WARNING in C:\Apache Software Foundation\Apache2.2\htdocs\mailing_list\index.php on line 228 : fclose(): supplied argument is not a valid stream resource
[2015/03/31 12:18:40] PHP WARNING in C:\Apache Software Foundation\Apache2.2\htdocs\mailing_list\index.php on line 219 : touch() [<a href='function.touch'>function.touch</a>]: Utime failed: Permission denied
[2015/03/31 12:18:40] PHP WARNING in C:\Apache Software Foundation\Apache2.2\htdocs\mailing_list\index.php on line 221 : fopen(txt/2015-03-29A001.txt) [<a href='function.fopen'>function.fopen</a>]: failed to open stream: Permission denied
[2015/03/31 12:18:40] PHP WARNING in C:\Apache Software Foundation\Apache2.2\htdocs\mailing_list\index.php on line 226 : fwrite(): supplied argument is not a valid stream resource
[2015/03/31 12:18:40] PHP WARNING in C:\Apache Software Foundation\Apache2.2\htdocs\mailing_list\index.php on line 228 : fclose(): supplied argument is not a valid stream resource
[2015/03/31 12:20:25] PHP WARNING in C:\Apache Software Foundation\Apache2.2\htdocs\mailing_list\admin\_module\Util.class.php(159) : eval()'d code on line 1 : mb_send_mail() [<a href='function.mb-send-mail'>function.mb-send-mail</a>]: SMTP server response: 550 sorry, no mailbox here by that name (#5.1.1 - chkusr)
[2015/03/31 12:23:15] PHP WARNING in C:\Apache Software Foundation\Apache2.2\htdocs\mailing_list\index.php on line 219 : touch() [<a href='function.touch'>function.touch</a>]: Utime failed: Permission denied
[2015/03/31 12:23:15] PHP WARNING in C:\Apache Software Foundation\Apache2.2\htdocs\mailing_list\index.php on line 221 : fopen(txt/2015-04-29A001.txt) [<a href='function.fopen'>function.fopen</a>]: failed to open stream: Permission denied
[2015/03/31 12:23:15] PHP WARNING in C:\Apache Software Foundation\Apache2.2\htdocs\mailing_list\index.php on line 226 : fwrite(): supplied argument is not a valid stream resource
[2015/03/31 12:23:15] PHP WARNING in C:\Apache Software Foundation\Apache2.2\htdocs\mailing_list\index.php on line 228 : fclose(): supplied argument is not a valid stream resource
[2015/03/31 12:24:53] PHP WARNING in C:\Apache Software Foundation\Apache2.2\htdocs\mailing_list\admin\_module\Util.class.php(159) : eval()'d code on line 1 : mb_send_mail() [<a href='function.mb-send-mail'>function.mb-send-mail</a>]: SMTP server response: 550 sorry, no mailbox here by that name (#5.1.1 - chkusr)
[2015/03/31 12:25:28] PHP WARNING in C:\Apache Software Foundation\Apache2.2\htdocs\mailing_list\index.php on line 219 : touch() [<a href='function.touch'>function.touch</a>]: Utime failed: Permission denied
[2015/03/31 12:25:28] PHP WARNING in C:\Apache Software Foundation\Apache2.2\htdocs\mailing_list\index.php on line 221 : fopen(txt/2015-04-28A001.txt) [<a href='function.fopen'>function.fopen</a>]: failed to open stream: Permission denied
[2015/03/31 12:25:28] PHP WARNING in C:\Apache Software Foundation\Apache2.2\htdocs\mailing_list\index.php on line 226 : fwrite(): supplied argument is not a valid stream resource
[2015/03/31 12:25:28] PHP WARNING in C:\Apache Software Foundation\Apache2.2\htdocs\mailing_list\index.php on line 228 : fclose(): supplied argument is not a valid stream resource
[2015/03/31 12:26:01] PHP WARNING in C:\Apache Software Foundation\Apache2.2\htdocs\mailing_list\index.php on line 219 : touch() [<a href='function.touch'>function.touch</a>]: Utime failed: Permission denied
[2015/03/31 12:26:01] PHP WARNING in C:\Apache Software Foundation\Apache2.2\htdocs\mailing_list\index.php on line 221 : fopen(txt/2015-04-28A001.txt) [<a href='function.fopen'>function.fopen</a>]: failed to open stream: Permission denied
[2015/03/31 12:26:01] PHP WARNING in C:\Apache Software Foundation\Apache2.2\htdocs\mailing_list\index.php on line 226 : fwrite(): supplied argument is not a valid stream resource
[2015/03/31 12:26:01] PHP WARNING in C:\Apache Software Foundation\Apache2.2\htdocs\mailing_list\index.php on line 228 : fclose(): supplied argument is not a valid stream resource
